<?xml version="1.0" encoding="UTF-8"?>
<!-- Generated by org.testng.reporters.JUnitReportReporter -->
<testsuite hostname="DESKTOP-HFUMKQI" failures="0" tests="1" name="TestClasses.VerifyUserCanLogIn" time="3.792" errors="0" timestamp="2022-07-22T19:38:39 IST" skipped="0">
  <testcase classname="TestClasses.VerifyUserCanLogIn" name="verifyUserCanLogin" time="3.792"/>
  <system-out/>
</testsuite> <!-- TestClasses.VerifyUserCanLogIn -->
