<?xml version="1.0" encoding="UTF-8"?>
<!-- Generated by org.testng.reporters.JUnitReportReporter -->
<testsuite hostname="DESKTOP-HFUMKQI" failures="0" tests="2" name="TestClasses.VerifyUserCanAddNewAddress" time="6.901" errors="0" timestamp="2022-07-22T19:38:39 IST" skipped="0">
  <testcase classname="TestClasses.VerifyUserCanAddNewAddress" name="verifyUserCanGoToProfilePage" time="2.601"/>
  <system-out/>
  <testcase classname="TestClasses.VerifyUserCanAddNewAddress" name="veryUserCanAddAddress" time="4.300"/>
  <system-out/>
</testsuite> <!-- TestClasses.VerifyUserCanAddNewAddress -->
